<?xml version="1.0" encoding="UTF-8"?>
<!-- Generated by org.testng.reporters.JUnitReportReporter -->
<testsuite hostname="ESS-549" failures="0" tests="5" name="testcase.rolePunchlistProduction$PimsAdmin" time="85.232" errors="0" timestamp="2023-04-12T14:35:59 EDT" skipped="0">
  <testcase classname="testcase.rolePunchlistProduction$PimsAdmin" name="LoginTest" time="19.076"/>
  <system-out/>
  <testcase classname="testcase.rolePunchlistProduction$PimsAdmin" name="rfiFullControl" time="14.130"/>
  <system-out/>
  <testcase classname="testcase.rolePunchlistProduction$PimsAdmin" name="rfiRead" time="13.255"/>
  <system-out/>
  <testcase classname="testcase.rolePunchlistProduction$PimsAdmin" name="rfiAdd" time="12.606"/>
  <system-out/>
  <testcase classname="testcase.rolePunchlistProduction$PimsAdmin" name="rfiDeny" time="26.165"/>
  <system-out/>
</testsuite> <!-- testcase.rolePunchlistProduction$PimsAdmin -->
