<?xml version="1.0" encoding="UTF-8"?>
<!-- Generated by org.testng.reporters.JUnitReportReporter -->
<testsuite hostname="ESS-549" failures="0" tests="3" name="testcase.phaProblem$PimsAdmin" time="49.076" errors="0" timestamp="2023-04-10T16:34:43 EDT" skipped="0">
  <testcase classname="testcase.phaProblem$PimsAdmin" name="LoginTest" time="17.688"/>
  <system-out/>
  <testcase classname="testcase.phaProblem$PimsAdmin" name="switchingPims" time="18.481"/>
  <system-out/>
  <testcase classname="testcase.phaProblem$PimsAdmin" name="rfiRead" time="12.907"/>
  <system-out/>
</testsuite> <!-- testcase.phaProblem$PimsAdmin -->
